2025-07-09 10:55:17 [main] ERROR o.s.boot.SpringApplication - Application run failed
java.lang.IllegalStateException: java.lang.IllegalStateException: Logback configuration error detected: 
ERROR in ch.qos.logback.core.pattern.parser.Compiler@524f3b3a - There is no conversion supplier registered for conversion word [xwEx]
ERROR in ch.qos.logback.core.pattern.parser.Compiler@524f3b3a - [xwEx] is not a valid conversion word
	at org.springframework.boot.context.logging.LoggingApplicationListener.initializeSystem(LoggingApplicationListener.java:347)
	at org.springframework.boot.context.logging.LoggingApplicationListener.initialize(LoggingApplicationListener.java:298)
	at org.springframework.boot.context.logging.LoggingApplicationListener.onApplicationEnvironmentPreparedEvent(LoggingApplicationListener.java:246)
	at org.springframework.boot.context.logging.LoggingApplicationListener.onApplicationEvent(LoggingApplicationListener.java:223)
	at org.springframework.context.event.SimpleApplicationEventMulticaster.doInvokeListener(SimpleApplicationEventMulticaster.java:185)
	at org.springframework.context.event.SimpleApplicationEventMulticaster.invokeListener(SimpleApplicationEventMulticaster.java:178)
	at org.springframework.context.event.SimpleApplicationEventMulticaster.multicastEvent(SimpleApplicationEventMulticaster.java:156)
	at org.springframework.context.event.SimpleApplicationEventMulticaster.multicastEvent(SimpleApplicationEventMulticaster.java:138)
	at org.springframework.boot.context.event.EventPublishingRunListener.multicastInitialEvent(EventPublishingRunListener.java:136)
	at org.springframework.boot.context.event.EventPublishingRunListener.environmentPrepared(EventPublishingRunListener.java:81)
	at org.springframework.boot.SpringApplicationRunListeners.lambda$environmentPrepared$2(SpringApplicationRunListeners.java:64)
	at java.base/java.lang.Iterable.forEach(Iterable.java:75)
	at org.springframework.boot.SpringApplicationRunListeners.doWithListeners(SpringApplicationRunListeners.java:118)
	at org.springframework.boot.SpringApplicationRunListeners.doWithListeners(SpringApplicationRunListeners.java:112)
	at org.springframework.boot.SpringApplicationRunListeners.environmentPrepared(SpringApplicationRunListeners.java:63)
	at org.springframework.boot.SpringApplication.prepareEnvironment(SpringApplication.java:353)
	at org.springframework.boot.SpringApplication.run(SpringApplication.java:313)
	at org.springframework.boot.SpringApplication.run(SpringApplication.java:1361)
	at org.springframework.boot.SpringApplication.run(SpringApplication.java:1350)
	at com.example.securitydemo.SecurityDemoApplication.main(SecurityDemoApplication.java:9)
Caused by: java.lang.IllegalStateException: Logback configuration error detected: 
ERROR in ch.qos.logback.core.pattern.parser.Compiler@524f3b3a - There is no conversion supplier registered for conversion word [xwEx]
ERROR in ch.qos.logback.core.pattern.parser.Compiler@524f3b3a - [xwEx] is not a valid conversion word
	at org.springframework.boot.logging.logback.LogbackLoggingSystem.reportConfigurationErrorsIfNecessary(LogbackLoggingSystem.java:289)
	at org.springframework.boot.logging.logback.LogbackLoggingSystem.loadConfiguration(LogbackLoggingSystem.java:267)
	at org.springframework.boot.logging.AbstractLoggingSystem.initializeWithConventions(AbstractLoggingSystem.java:81)
	at org.springframework.boot.logging.AbstractLoggingSystem.initialize(AbstractLoggingSystem.java:61)
	at org.springframework.boot.logging.logback.LogbackLoggingSystem.initialize(LogbackLoggingSystem.java:195)
	at org.springframework.boot.context.logging.LoggingApplicationListener.initializeSystem(LoggingApplicationListener.java:332)
	... 19 common frames omitted
2025-07-09 10:55:56 [main] INFO  c.e.s.SecurityDemoApplication - Starting SecurityDemoApplication using Java 17.0.15 with PID 25484 (C:\Users\gobik\OneDrive\Desktop\CTS DRIVE\deepskilling\solution\Week 4\Week 4_5. JWT-handson\HandsOn_2. Creating users and roles in Spring Security \code\target\classes started by gobik in C:\Users\gobik\OneDrive\Desktop\CTS DRIVE\deepskilling\solution\Week 4\Week 4_5. JWT-handson\HandsOn_2. Creating users and roles in Spring Security \code)
2025-07-09 10:55:56 [main] INFO  c.e.s.SecurityDemoApplication - No active profile set, falling back to 1 default profile: "default"
2025-07-09 10:55:58 [main] INFO  o.s.b.w.e.tomcat.TomcatWebServer - Tomcat initialized with port 8088 (http)
2025-07-09 10:55:58 [main] INFO  o.a.catalina.core.StandardService - Starting service [Tomcat]
2025-07-09 10:55:58 [main] INFO  o.a.catalina.core.StandardEngine - Starting Servlet engine: [Apache Tomcat/10.1.42]
2025-07-09 10:55:58 [main] INFO  o.a.c.c.C.[Tomcat].[localhost].[/] - Initializing Spring embedded WebApplicationContext
2025-07-09 10:55:58 [main] INFO  o.s.b.w.s.c.ServletWebServerApplicationContext - Root WebApplicationContext: initialization completed in 1966 ms
2025-07-09 10:55:58 [main] INFO  c.e.s.config.SecurityConfig - Initializing BCryptPasswordEncoder
2025-07-09 10:55:58 [main] INFO  o.s.s.c.a.a.c.InitializeUserDetailsBeanManagerConfigurer$InitializeUserDetailsManagerConfigurer - Global AuthenticationManager configured with UserDetailsService bean with name userDetailsService
2025-07-09 10:55:59 [main] WARN  o.s.b.w.s.c.AnnotationConfigServletWebServerApplicationContext - Exception encountered during context initialization - cancelling refresh attempt: org.springframework.context.ApplicationContextException: Failed to start bean 'webServerStartStop'
2025-07-09 10:55:59 [main] INFO  o.s.b.a.l.ConditionEvaluationReportLogger - 

Error starting ApplicationContext. To display the condition evaluation report re-run your application with 'debug' enabled.
2025-07-09 10:55:59 [main] ERROR o.s.b.d.LoggingFailureAnalysisReporter - 

***************************
APPLICATION FAILED TO START
***************************

Description:

Web server failed to start. Port 8088 was already in use.

Action:

Identify and stop the process that's listening on port 8088 or configure this application to listen on another port.

2025-07-09 10:56:18 [main] INFO  c.e.s.SecurityDemoApplication - Starting SecurityDemoApplication using Java 17.0.15 with PID 27812 (C:\Users\gobik\OneDrive\Desktop\CTS DRIVE\deepskilling\solution\Week 4\Week 4_5. JWT-handson\HandsOn_2. Creating users and roles in Spring Security \code\target\classes started by gobik in C:\Users\gobik\OneDrive\Desktop\CTS DRIVE\deepskilling\solution\Week 4\Week 4_5. JWT-handson\HandsOn_2. Creating users and roles in Spring Security \code)
2025-07-09 10:56:18 [main] INFO  c.e.s.SecurityDemoApplication - No active profile set, falling back to 1 default profile: "default"
2025-07-09 10:56:19 [main] INFO  o.s.b.w.e.tomcat.TomcatWebServer - Tomcat initialized with port 8088 (http)
2025-07-09 10:56:19 [main] INFO  o.a.catalina.core.StandardService - Starting service [Tomcat]
2025-07-09 10:56:19 [main] INFO  o.a.catalina.core.StandardEngine - Starting Servlet engine: [Apache Tomcat/10.1.42]
2025-07-09 10:56:20 [main] INFO  o.a.c.c.C.[Tomcat].[localhost].[/] - Initializing Spring embedded WebApplicationContext
2025-07-09 10:56:20 [main] INFO  o.s.b.w.s.c.ServletWebServerApplicationContext - Root WebApplicationContext: initialization completed in 1659 ms
2025-07-09 10:56:20 [main] INFO  c.e.s.config.SecurityConfig - Initializing BCryptPasswordEncoder
2025-07-09 10:56:20 [main] INFO  o.s.s.c.a.a.c.InitializeUserDetailsBeanManagerConfigurer$InitializeUserDetailsManagerConfigurer - Global AuthenticationManager configured with UserDetailsService bean with name userDetailsService
2025-07-09 10:56:21 [main] INFO  o.s.b.w.e.tomcat.TomcatWebServer - Tomcat started on port 8088 (http) with context path '/'
2025-07-09 10:56:21 [main] INFO  c.e.s.SecurityDemoApplication - Started SecurityDemoApplication in 3.681 seconds (process running for 4.111)
2025-07-09 10:56:51 [http-nio-8088-exec-1] INFO  o.a.c.c.C.[Tomcat].[localhost].[/] - Initializing Spring DispatcherServlet 'dispatcherServlet'
2025-07-09 10:56:51 [http-nio-8088-exec-1] INFO  o.s.web.servlet.DispatcherServlet - Initializing Servlet 'dispatcherServlet'
2025-07-09 10:56:51 [http-nio-8088-exec-1] INFO  o.s.web.servlet.DispatcherServlet - Completed initialization in 1 ms
